<?xml version="1.0" encoding="UTF-8"?>
<testsuite xmlns:xsi="http://www.w3.org/2001/XMLSchema-instance" xsi:noNamespaceSchemaLocation="https://maven.apache.org/surefire/maven-surefire-plugin/xsd/surefire-test-report.xsd" name="com.example.demo.SpringBootExampleApplicationTests" time="10.026" tests="1" errors="0" skipped="0" failures="0">
  <properties>
    <property name="sun.desktop" value="windows"/>
    <property name="awt.toolkit" value="sun.awt.windows.WToolkit"/>
    <property name="file.encoding.pkg" value="sun.io"/>
    <property name="java.specification.version" value="1.8"/>
    <property name="sun.cpu.isalist" value="amd64"/>
    <property name="sun.jnu.encoding" value="Cp1252"/>
    <property name="java.class.path" value="C:\Users\GMW\eclipse-workspace\spring-boot-example\target\test-classes;C:\Users\GMW\eclipse-workspace\spring-boot-example\target\classes;C:\Users\GMW\.m2\repository\org\springframework\boot\spring-boot-starter-freemarker\2.2.0.BUILD-SNAPSHOT\spring-boot-starter-freemarker-2.2.0.BUILD-SNAPSHOT.jar;C:\Users\GMW\.m2\repository\org\springframework\boot\spring-boot-starter\2.2.0.BUILD-SNAPSHOT\spring-boot-starter-2.2.0.BUILD-SNAPSHOT.jar;C:\Users\GMW\.m2\repository\org\springframework\boot\spring-boot\2.2.0.BUILD-SNAPSHOT\spring-boot-2.2.0.BUILD-SNAPSHOT.jar;C:\Users\GMW\.m2\repository\org\springframework\boot\spring-boot-autoconfigure\2.2.0.BUILD-SNAPSHOT\spring-boot-autoconfigure-2.2.0.BUILD-SNAPSHOT.jar;C:\Users\GMW\.m2\repository\org\springframework\boot\spring-boot-starter-logging\2.2.0.BUILD-SNAPSHOT\spring-boot-starter-logging-2.2.0.BUILD-SNAPSHOT.jar;C:\Users\GMW\.m2\repository\ch\qos\logback\logback-classic\1.2.3\logback-classic-1.2.3.jar;C:\Users\GMW\.m2\repository\ch\qos\logback\logback-core\1.2.3\logback-core-1.2.3.jar;C:\Users\GMW\.m2\repository\org\apache\logging\log4j\log4j-to-slf4j\2.12.0\log4j-to-slf4j-2.12.0.jar;C:\Users\GMW\.m2\repository\org\apache\logging\log4j\log4j-api\2.12.0\log4j-api-2.12.0.jar;C:\Users\GMW\.m2\repository\org\slf4j\jul-to-slf4j\1.7.26\jul-to-slf4j-1.7.26.jar;C:\Users\GMW\.m2\repository\org\yaml\snakeyaml\1.24\snakeyaml-1.24.jar;C:\Users\GMW\.m2\repository\org\freemarker\freemarker\2.3.28\freemarker-2.3.28.jar;C:\Users\GMW\.m2\repository\org\springframework\spring-context-support\5.2.0.RC1\spring-context-support-5.2.0.RC1.jar;C:\Users\GMW\.m2\repository\org\springframework\spring-beans\5.2.0.RC1\spring-beans-5.2.0.RC1.jar;C:\Users\GMW\.m2\repository\org\springframework\spring-context\5.2.0.RC1\spring-context-5.2.0.RC1.jar;C:\Users\GMW\.m2\repository\org\springframework\boot\spring-boot-starter-jersey\2.2.0.BUILD-SNAPSHOT\spring-boot-starter-jersey-2.2.0.BUILD-SNAPSHOT.jar;C:\Users\GMW\.m2\repository\org\springframework\boot\spring-boot-starter-json\2.2.0.BUILD-SNAPSHOT\spring-boot-starter-json-2.2.0.BUILD-SNAPSHOT.jar;C:\Users\GMW\.m2\repository\com\fasterxml\jackson\core\jackson-databind\2.9.9.3\jackson-databind-2.9.9.3.jar;C:\Users\GMW\.m2\repository\com\fasterxml\jackson\core\jackson-core\2.9.9\jackson-core-2.9.9.jar;C:\Users\GMW\.m2\repository\com\fasterxml\jackson\datatype\jackson-datatype-jdk8\2.9.9\jackson-datatype-jdk8-2.9.9.jar;C:\Users\GMW\.m2\repository\com\fasterxml\jackson\datatype\jackson-datatype-jsr310\2.9.9\jackson-datatype-jsr310-2.9.9.jar;C:\Users\GMW\.m2\repository\com\fasterxml\jackson\module\jackson-module-parameter-names\2.9.9\jackson-module-parameter-names-2.9.9.jar;C:\Users\GMW\.m2\repository\org\springframework\boot\spring-boot-starter-tomcat\2.2.0.BUILD-SNAPSHOT\spring-boot-starter-tomcat-2.2.0.BUILD-SNAPSHOT.jar;C:\Users\GMW\.m2\repository\org\apache\tomcat\embed\tomcat-embed-core\9.0.22\tomcat-embed-core-9.0.22.jar;C:\Users\GMW\.m2\repository\org\apache\tomcat\embed\tomcat-embed-el\9.0.22\tomcat-embed-el-9.0.22.jar;C:\Users\GMW\.m2\repository\org\apache\tomcat\embed\tomcat-embed-websocket\9.0.22\tomcat-embed-websocket-9.0.22.jar;C:\Users\GMW\.m2\repository\org\springframework\boot\spring-boot-starter-validation\2.2.0.BUILD-SNAPSHOT\spring-boot-starter-validation-2.2.0.BUILD-SNAPSHOT.jar;C:\Users\GMW\.m2\repository\jakarta\validation\jakarta.validation-api\2.0.1\jakarta.validation-api-2.0.1.jar;C:\Users\GMW\.m2\repository\org\hibernate\validator\hibernate-validator\6.0.17.Final\hibernate-validator-6.0.17.Final.jar;C:\Users\GMW\.m2\repository\org\jboss\logging\jboss-logging\3.4.0.Final\jboss-logging-3.4.0.Final.jar;C:\Users\GMW\.m2\repository\com\fasterxml\classmate\1.5.0\classmate-1.5.0.jar;C:\Users\GMW\.m2\repository\jakarta\annotation\jakarta.annotation-api\1.3.4\jakarta.annotation-api-1.3.4.jar;C:\Users\GMW\.m2\repository\jakarta\ws\rs\jakarta.ws.rs-api\2.1.5\jakarta.ws.rs-api-2.1.5.jar;C:\Users\GMW\.m2\repository\org\springframework\spring-web\5.2.0.RC1\spring-web-5.2.0.RC1.jar;C:\Users\GMW\.m2\repository\org\glassfish\jersey\core\jersey-server\2.29\jersey-server-2.29.jar;C:\Users\GMW\.m2\repository\org\glassfish\jersey\core\jersey-common\2.29\jersey-common-2.29.jar;C:\Users\GMW\.m2\repository\org\glassfish\hk2\osgi-resource-locator\1.0.3\osgi-resource-locator-1.0.3.jar;C:\Users\GMW\.m2\repository\org\glassfish\jersey\core\jersey-client\2.29\jersey-client-2.29.jar;C:\Users\GMW\.m2\repository\org\glassfish\jersey\media\jersey-media-jaxb\2.29\jersey-media-jaxb-2.29.jar;C:\Users\GMW\.m2\repository\org\glassfish\hk2\external\jakarta.inject\2.5.0\jakarta.inject-2.5.0.jar;C:\Users\GMW\.m2\repository\org\glassfish\jersey\containers\jersey-container-servlet-core\2.29\jersey-container-servlet-core-2.29.jar;C:\Users\GMW\.m2\repository\org\glassfish\jersey\containers\jersey-container-servlet\2.29\jersey-container-servlet-2.29.jar;C:\Users\GMW\.m2\repository\org\glassfish\jersey\ext\jersey-bean-validation\2.29\jersey-bean-validation-2.29.jar;C:\Users\GMW\.m2\repository\org\glassfish\jersey\ext\jersey-spring5\2.29\jersey-spring5-2.29.jar;C:\Users\GMW\.m2\repository\org\glassfish\jersey\inject\jersey-hk2\2.29\jersey-hk2-2.29.jar;C:\Users\GMW\.m2\repository\org\glassfish\hk2\hk2-locator\2.5.0\hk2-locator-2.5.0.jar;C:\Users\GMW\.m2\repository\org\glassfish\hk2\external\aopalliance-repackaged\2.5.0\aopalliance-repackaged-2.5.0.jar;C:\Users\GMW\.m2\repository\org\javassist\javassist\3.22.0-CR2\javassist-3.22.0-CR2.jar;C:\Users\GMW\.m2\repository\org\glassfish\hk2\hk2\2.5.0\hk2-2.5.0.jar;C:\Users\GMW\.m2\repository\org\glassfish\hk2\hk2-utils\2.5.0\hk2-utils-2.5.0.jar;C:\Users\GMW\.m2\repository\org\glassfish\hk2\hk2-api\2.5.0\hk2-api-2.5.0.jar;C:\Users\GMW\.m2\repository\org\glassfish\hk2\hk2-core\2.5.0\hk2-core-2.5.0.jar;C:\Users\GMW\.m2\repository\org\glassfish\hk2\hk2-runlevel\2.5.0\hk2-runlevel-2.5.0.jar;C:\Users\GMW\.m2\repository\org\glassfish\hk2\class-model\2.5.0\class-model-2.5.0.jar;C:\Users\GMW\.m2\repository\org\glassfish\hk2\external\asm-repackaged\2.5.0\asm-repackaged-2.5.0.jar;C:\Users\GMW\.m2\repository\org\glassfish\hk2\spring-bridge\2.5.0\spring-bridge-2.5.0.jar;C:\Users\GMW\.m2\repository\org\springframework\spring-aop\5.2.0.RC1\spring-aop-5.2.0.RC1.jar;C:\Users\GMW\.m2\repository\org\glassfish\jersey\media\jersey-media-json-jackson\2.29\jersey-media-json-jackson-2.29.jar;C:\Users\GMW\.m2\repository\org\glassfish\jersey\ext\jersey-entity-filtering\2.29\jersey-entity-filtering-2.29.jar;C:\Users\GMW\.m2\repository\com\fasterxml\jackson\core\jackson-annotations\2.9.0\jackson-annotations-2.9.0.jar;C:\Users\GMW\.m2\repository\com\fasterxml\jackson\module\jackson-module-jaxb-annotations\2.9.9\jackson-module-jaxb-annotations-2.9.9.jar;C:\Users\GMW\.m2\repository\jakarta\xml\bind\jakarta.xml.bind-api\2.3.2\jakarta.xml.bind-api-2.3.2.jar;C:\Users\GMW\.m2\repository\jakarta\activation\jakarta.activation-api\1.2.1\jakarta.activation-api-1.2.1.jar;C:\Users\GMW\.m2\repository\org\springframework\boot\spring-boot-starter-thymeleaf\2.2.0.BUILD-SNAPSHOT\spring-boot-starter-thymeleaf-2.2.0.BUILD-SNAPSHOT.jar;C:\Users\GMW\.m2\repository\org\thymeleaf\thymeleaf-spring5\3.0.11.RELEASE\thymeleaf-spring5-3.0.11.RELEASE.jar;C:\Users\GMW\.m2\repository\org\thymeleaf\thymeleaf\3.0.11.RELEASE\thymeleaf-3.0.11.RELEASE.jar;C:\Users\GMW\.m2\repository\org\attoparser\attoparser\2.0.5.RELEASE\attoparser-2.0.5.RELEASE.jar;C:\Users\GMW\.m2\repository\org\unbescape\unbescape\1.1.6.RELEASE\unbescape-1.1.6.RELEASE.jar;C:\Users\GMW\.m2\repository\org\slf4j\slf4j-api\1.7.26\slf4j-api-1.7.26.jar;C:\Users\GMW\.m2\repository\org\thymeleaf\extras\thymeleaf-extras-java8time\3.0.4.RELEASE\thymeleaf-extras-java8time-3.0.4.RELEASE.jar;C:\Users\GMW\.m2\repository\org\springframework\boot\spring-boot-starter-web\2.2.0.BUILD-SNAPSHOT\spring-boot-starter-web-2.2.0.BUILD-SNAPSHOT.jar;C:\Users\GMW\.m2\repository\org\springframework\spring-webmvc\5.2.0.RC1\spring-webmvc-5.2.0.RC1.jar;C:\Users\GMW\.m2\repository\org\springframework\spring-expression\5.2.0.RC1\spring-expression-5.2.0.RC1.jar;C:\Users\GMW\.m2\repository\org\springframework\boot\spring-boot-starter-web-services\2.2.0.BUILD-SNAPSHOT\spring-boot-starter-web-services-2.2.0.BUILD-SNAPSHOT.jar;C:\Users\GMW\.m2\repository\com\sun\xml\messaging\saaj\saaj-impl\1.5.1\saaj-impl-1.5.1.jar;C:\Users\GMW\.m2\repository\jakarta\xml\soap\jakarta.xml.soap-api\1.4.1\jakarta.xml.soap-api-1.4.1.jar;C:\Users\GMW\.m2\repository\org\jvnet\mimepull\mimepull\1.9.11\mimepull-1.9.11.jar;C:\Users\GMW\.m2\repository\org\jvnet\staxex\stax-ex\1.8.1\stax-ex-1.8.1.jar;C:\Users\GMW\.m2\repository\jakarta\xml\ws\jakarta.xml.ws-api\2.3.2\jakarta.xml.ws-api-2.3.2.jar;C:\Users\GMW\.m2\repository\jakarta\jws\jakarta.jws-api\1.1.1\jakarta.jws-api-1.1.1.jar;C:\Users\GMW\.m2\repository\org\springframework\spring-oxm\5.2.0.RC1\spring-oxm-5.2.0.RC1.jar;C:\Users\GMW\.m2\repository\org\springframework\ws\spring-ws-core\3.0.7.RELEASE\spring-ws-core-3.0.7.RELEASE.jar;C:\Users\GMW\.m2\repository\org\springframework\ws\spring-xml\3.0.7.RELEASE\spring-xml-3.0.7.RELEASE.jar;C:\Users\GMW\.m2\repository\commons-io\commons-io\2.5\commons-io-2.5.jar;C:\Users\GMW\.m2\repository\org\springframework\boot\spring-boot-starter-webflux\2.2.0.BUILD-SNAPSHOT\spring-boot-starter-webflux-2.2.0.BUILD-SNAPSHOT.jar;C:\Users\GMW\.m2\repository\org\springframework\boot\spring-boot-starter-reactor-netty\2.2.0.BUILD-SNAPSHOT\spring-boot-starter-reactor-netty-2.2.0.BUILD-SNAPSHOT.jar;C:\Users\GMW\.m2\repository\io\projectreactor\netty\reactor-netty\0.9.0.M3\reactor-netty-0.9.0.M3.jar;C:\Users\GMW\.m2\repository\io\netty\netty-codec-http\4.1.38.Final\netty-codec-http-4.1.38.Final.jar;C:\Users\GMW\.m2\repository\io\netty\netty-common\4.1.38.Final\netty-common-4.1.38.Final.jar;C:\Users\GMW\.m2\repository\io\netty\netty-buffer\4.1.38.Final\netty-buffer-4.1.38.Final.jar;C:\Users\GMW\.m2\repository\io\netty\netty-transport\4.1.38.Final\netty-transport-4.1.38.Final.jar;C:\Users\GMW\.m2\repository\io\netty\netty-resolver\4.1.38.Final\netty-resolver-4.1.38.Final.jar;C:\Users\GMW\.m2\repository\io\netty\netty-codec\4.1.38.Final\netty-codec-4.1.38.Final.jar;C:\Users\GMW\.m2\repository\io\netty\netty-codec-http2\4.1.38.Final\netty-codec-http2-4.1.38.Final.jar;C:\Users\GMW\.m2\repository\io\netty\netty-handler\4.1.38.Final\netty-handler-4.1.38.Final.jar;C:\Users\GMW\.m2\repository\io\netty\netty-handler-proxy\4.1.38.Final\netty-handler-proxy-4.1.38.Final.jar;C:\Users\GMW\.m2\repository\io\netty\netty-codec-socks\4.1.38.Final\netty-codec-socks-4.1.38.Final.jar;C:\Users\GMW\.m2\repository\io\netty\netty-transport-native-epoll\4.1.38.Final\netty-transport-native-epoll-4.1.38.Final-linux-x86_64.jar;C:\Users\GMW\.m2\repository\io\netty\netty-transport-native-unix-common\4.1.38.Final\netty-transport-native-unix-common-4.1.38.Final.jar;C:\Users\GMW\.m2\repository\io\projectreactor\addons\reactor-pool\0.0.1.M3\reactor-pool-0.0.1.M3.jar;C:\Users\GMW\.m2\repository\org\glassfish\jakarta.el\3.0.2\jakarta.el-3.0.2.jar;C:\Users\GMW\.m2\repository\org\springframework\spring-webflux\5.2.0.RC1\spring-webflux-5.2.0.RC1.jar;C:\Users\GMW\.m2\repository\org\synchronoss\cloud\nio-multipart-parser\1.1.0\nio-multipart-parser-1.1.0.jar;C:\Users\GMW\.m2\repository\org\synchronoss\cloud\nio-stream-storage\1.1.3\nio-stream-storage-1.1.3.jar;C:\Users\GMW\.m2\repository\org\springframework\boot\spring-boot-starter-websocket\2.2.0.BUILD-SNAPSHOT\spring-boot-starter-websocket-2.2.0.BUILD-SNAPSHOT.jar;C:\Users\GMW\.m2\repository\org\springframework\spring-messaging\5.2.0.RC1\spring-messaging-5.2.0.RC1.jar;C:\Users\GMW\.m2\repository\org\springframework\spring-websocket\5.2.0.RC1\spring-websocket-5.2.0.RC1.jar;C:\Users\GMW\.m2\repository\com\vaadin\vaadin-spring-boot-starter\13.0.11\vaadin-spring-boot-starter-13.0.11.jar;C:\Users\GMW\.m2\repository\com\vaadin\vaadin-spring\11.0.0\vaadin-spring-11.0.0.jar;C:\Users\GMW\.m2\repository\com\vaadin\flow-server\1.4.7\flow-server-1.4.7.jar;C:\Users\GMW\.m2\repository\com\vaadin\external\gwt\gwt-elemental\2.8.2.vaadin2\gwt-elemental-2.8.2.vaadin2.jar;C:\Users\GMW\.m2\repository\commons-fileupload\commons-fileupload\1.3.3\commons-fileupload-1.3.3.jar;C:\Users\GMW\.m2\repository\org\jsoup\jsoup\1.11.2\jsoup-1.11.2.jar;C:\Users\GMW\.m2\repository\com\helger\ph-css\6.1.1\ph-css-6.1.1.jar;C:\Users\GMW\.m2\repository\com\helger\ph-commons\9.1.2\ph-commons-9.1.2.jar;C:\Users\GMW\.m2\repository\com\google\code\findbugs\jsr305\3.0.2\jsr305-3.0.2.jar;C:\Users\GMW\.m2\repository\com\vaadin\external\gentyref\1.2.0.vaadin1\gentyref-1.2.0.vaadin1.jar;C:\Users\GMW\.m2\repository\com\vaadin\flow-push\1.4.7\flow-push-1.4.7.jar;C:\Users\GMW\.m2\repository\com\vaadin\external\atmosphere\atmosphere-runtime\2.4.30.vaadin1\atmosphere-runtime-2.4.30.vaadin1.jar;C:\Users\GMW\.m2\repository\com\vaadin\external\slf4j\vaadin-slf4j-jdk14\1.6.1\vaadin-slf4j-jdk14-1.6.1.jar;C:\Users\GMW\.m2\repository\com\vaadin\flow-client\1.4.7\flow-client-1.4.7.jar;C:\Users\GMW\.m2\repository\com\vaadin\vaadin-core\13.0.11\vaadin-core-13.0.11.jar;C:\Users\GMW\.m2\repository\com\vaadin\flow-html-components\1.4.7\flow-html-components-1.4.7.jar;C:\Users\GMW\.m2\repository\com\vaadin\flow-data\1.4.7\flow-data-1.4.7.jar;C:\Users\GMW\.m2\repository\javax\validation\validation-api\2.0.1.Final\validation-api-2.0.1.Final.jar;C:\Users\GMW\.m2\repository\com\vaadin\vaadin-lumo-theme\1.4.7\vaadin-lumo-theme-1.4.7.jar;C:\Users\GMW\.m2\repository\org\webjars\bowergithub\vaadin\vaadin-lumo-styles\1.4.3\vaadin-lumo-styles-1.4.3.jar;C:\Users\GMW\.m2\repository\org\webjars\bowergithub\polymerelements\iron-icon\2.1.0\iron-icon-2.1.0.jar;C:\Users\GMW\.m2\repository\org\webjars\bowergithub\polymerelements\iron-meta\2.1.1\iron-meta-2.1.1.jar;C:\Users\GMW\.m2\repository\org\webjars\bowergithub\polymerelements\iron-iconset-svg\2.2.1\iron-iconset-svg-2.2.1.jar;C:\Users\GMW\.m2\repository\org\webjars\bowergithub\polymerelements\iron-flex-layout\2.0.3\iron-flex-layout-2.0.3.jar;C:\Users\GMW\.m2\repository\org\webjars\bowergithub\polymer\polymer\2.7.0\polymer-2.7.0.jar;C:\Users\GMW\.m2\repository\org\webjars\bowergithub\webcomponents\webcomponentsjs\1.2.6\webcomponentsjs-1.2.6.jar;C:\Users\GMW\.m2\repository\org\webjars\bowergithub\webcomponents\shadycss\1.8.0\shadycss-1.8.0.jar;C:\Users\GMW\.m2\repository\com\vaadin\vaadin-material-theme\1.4.7\vaadin-material-theme-1.4.7.jar;C:\Users\GMW\.m2\repository\org\webjars\bowergithub\vaadin\vaadin-material-styles\1.2.3\vaadin-material-styles-1.2.3.jar;C:\Users\GMW\.m2\repository\com\vaadin\vaadin-accordion-flow\1.0.3\vaadin-accordion-flow-1.0.3.jar;C:\Users\GMW\.m2\repository\org\webjars\bowergithub\vaadin\vaadin-accordion\1.0.1\vaadin-accordion-1.0.1.jar;C:\Users\GMW\.m2\repository\org\webjars\bowergithub\vaadin\vaadin-details\1.0.1\vaadin-details-1.0.1.jar;C:\Users\GMW\.m2\repository\org\webjars\bowergithub\vaadin\vaadin-themable-mixin\1.4.4\vaadin-themable-mixin-1.4.4.jar;C:\Users\GMW\.m2\repository\org\webjars\bowergithub\vaadin\vaadin-element-mixin\2.1.3\vaadin-element-mixin-2.1.3.jar;C:\Users\GMW\.m2\repository\org\webjars\bowergithub\vaadin\vaadin-usage-statistics\2.0.4\vaadin-usage-statistics-2.0.4.jar;C:\Users\GMW\.m2\repository\org\webjars\bowergithub\vaadin\vaadin-development-mode-detector\2.0.4\vaadin-development-mode-detector-2.0.4.jar;C:\Users\GMW\.m2\repository\com\vaadin\vaadin-button-flow\1.3.2\vaadin-button-flow-1.3.2.jar;C:\Users\GMW\.m2\repository\org\webjars\bowergithub\vaadin\vaadin-button\2.1.5\vaadin-button-2.1.5.jar;C:\Users\GMW\.m2\repository\org\webjars\bowergithub\vaadin\vaadin-control-state-mixin\2.1.3\vaadin-control-state-mixin-2.1.3.jar;C:\Users\GMW\.m2\repository\com\vaadin\vaadin-checkbox-flow\1.3.2\vaadin-checkbox-flow-1.3.2.jar;C:\Users\GMW\.m2\repository\org\webjars\bowergithub\vaadin\vaadin-checkbox\2.2.10\vaadin-checkbox-2.2.10.jar;C:\Users\GMW\.m2\repository\com\vaadin\vaadin-combo-box-flow\2.1.3\vaadin-combo-box-flow-2.1.3.jar;C:\Users\GMW\.m2\repository\org\webjars\bowergithub\vaadin\vaadin-combo-box\4.2.9\vaadin-combo-box-4.2.9.jar;C:\Users\GMW\.m2\repository\org\webjars\bowergithub\vaadin\vaadin-text-field\2.3.7\vaadin-text-field-2.3.7.jar;C:\Users\GMW\.m2\repository\org\webjars\bowergithub\polymerelements\iron-resizable-behavior\2.1.1\iron-resizable-behavior-2.1.1.jar;C:\Users\GMW\.m2\repository\org\webjars\bowergithub\polymerelements\iron-a11y-announcer\2.1.0\iron-a11y-announcer-2.1.0.jar;C:\Users\GMW\.m2\repository\org\webjars\bowergithub\polymerelements\iron-list\2.0.19\iron-list-2.0.19.jar;C:\Users\GMW\.m2\repository\org\webjars\bowergithub\polymerelements\iron-scroll-target-behavior\2.1.1\iron-scroll-target-behavior-2.1.1.jar;C:\Users\GMW\.m2\repository\org\webjars\bowergithub\polymerelements\iron-a11y-keys-behavior\2.1.1\iron-a11y-keys-behavior-2.1.1.jar;C:\Users\GMW\.m2\repository\org\webjars\bowergithub\vaadin\vaadin-item\2.1.1\vaadin-item-2.1.1.jar;C:\Users\GMW\.m2\repository\org\webjars\bowergithub\vaadin\vaadin-overlay\3.2.12\vaadin-overlay-3.2.12.jar;C:\Users\GMW\.m2\repository\org\webjars\bowergithub\polymerelements\iron-overlay-behavior\2.3.4\iron-overlay-behavior-2.3.4.jar;C:\Users\GMW\.m2\repository\org\webjars\bowergithub\polymerelements\iron-fit-behavior\2.2.1\iron-fit-behavior-2.2.1.jar;C:\Users\GMW\.m2\repository\com\vaadin\vaadin-custom-field-flow\2.0.2\vaadin-custom-field-flow-2.0.2.jar;C:\Users\GMW\.m2\repository\org\webjars\bowergithub\vaadin\vaadin-custom-field\1.0.6\vaadin-custom-field-1.0.6.jar;C:\Users\GMW\.m2\repository\com\vaadin\vaadin-date-picker-flow\1.3.0\vaadin-date-picker-flow-1.3.0.jar;C:\Users\GMW\.m2\repository\org\webjars\bowergithub\vaadin\vaadin-date-picker\3.3.4\vaadin-date-picker-3.3.4.jar;C:\Users\GMW\.m2\repository\org\webjars\bowergithub\polymerelements\iron-media-query\2.1.0\iron-media-query-2.1.0.jar;C:\Users\GMW\.m2\repository\com\vaadin\vaadin-details-flow\1.0.1\vaadin-details-flow-1.0.1.jar;C:\Users\GMW\.m2\repository\com\vaadin\vaadin-time-picker-flow\1.1.2\vaadin-time-picker-flow-1.1.2.jar;C:\Users\GMW\.m2\repository\org\webjars\bowergithub\vaadin\vaadin-time-picker\1.2.2\vaadin-time-picker-1.2.2.jar;C:\Users\GMW\.m2\repository\com\vaadin\vaadin-select-flow\1.0.0\vaadin-select-flow-1.0.0.jar;C:\Users\GMW\.m2\repository\org\webjars\bowergithub\vaadin\vaadin-select\2.0.5\vaadin-select-2.0.5.jar;C:\Users\GMW\.m2\repository\org\webjars\bowergithub\vaadin\vaadin-list-box\1.1.1\vaadin-list-box-1.1.1.jar;C:\Users\GMW\.m2\repository\org\webjars\bowergithub\vaadin\vaadin-list-mixin\2.1.2\vaadin-list-mixin-2.1.2.jar;C:\Users\GMW\.m2\repository\com\vaadin\vaadin-dialog-flow\1.3.0\vaadin-dialog-flow-1.3.0.jar;C:\Users\GMW\.m2\repository\org\webjars\bowergithub\vaadin\vaadin-dialog\2.2.1\vaadin-dialog-2.2.1.jar;C:\Users\GMW\.m2\repository\com\vaadin\vaadin-form-layout-flow\1.3.1\vaadin-form-layout-flow-1.3.1.jar;C:\Users\GMW\.m2\repository\org\webjars\bowergithub\vaadin\vaadin-form-layout\2.1.4\vaadin-form-layout-2.1.4.jar;C:\Users\GMW\.m2\repository\com\vaadin\vaadin-grid-flow\3.0.4\vaadin-grid-flow-3.0.4.jar;C:\Users\GMW\.m2\repository\org\webjars\bowergithub\vaadin\vaadin-grid\5.3.3\vaadin-grid-5.3.3.jar;C:\Users\GMW\.m2\repository\org\apache\commons\commons-lang3\3.9\commons-lang3-3.9.jar;C:\Users\GMW\.m2\repository\com\vaadin\vaadin-icons-flow\1.3.1\vaadin-icons-flow-1.3.1.jar;C:\Users\GMW\.m2\repository\org\webjars\bowergithub\vaadin\vaadin-icons\4.2.2\vaadin-icons-4.2.2.jar;C:\Users\GMW\.m2\repository\com\vaadin\vaadin-iron-list-flow\1.3.0\vaadin-iron-list-flow-1.3.0.jar;C:\Users\GMW\.m2\repository\com\vaadin\vaadin-list-box-flow\1.3.0\vaadin-list-box-flow-1.3.0.jar;C:\Users\GMW\.m2\repository\com\vaadin\vaadin-login-flow\1.0.0\vaadin-login-flow-1.0.0.jar;C:\Users\GMW\.m2\repository\org\webjars\bowergithub\vaadin\vaadin-login\1.0.1\vaadin-login-1.0.1.jar;C:\Users\GMW\.m2\repository\com\vaadin\vaadin-ordered-layout-flow\1.3.0\vaadin-ordered-layout-flow-1.3.0.jar;C:\Users\GMW\.m2\repository\org\webjars\bowergithub\vaadin\vaadin-ordered-layout\1.1.0\vaadin-ordered-layout-1.1.0.jar;C:\Users\GMW\.m2\repository\com\vaadin\vaadin-progress-bar-flow\1.3.0\vaadin-progress-bar-flow-1.3.0.jar;C:\Users\GMW\.m2\repository\org\webjars\bowergithub\vaadin\vaadin-progress-bar\1.1.2\vaadin-progress-bar-1.1.2.jar;C:\Users\GMW\.m2\repository\com\vaadin\vaadin-radio-button-flow\1.3.1\vaadin-radio-button-flow-1.3.1.jar;C:\Users\GMW\.m2\repository\org\webjars\bowergithub\vaadin\vaadin-radio-button\1.1.5\vaadin-radio-button-1.1.5.jar;C:\Users\GMW\.m2\repository\com\vaadin\vaadin-split-layout-flow\1.3.1\vaadin-split-layout-flow-1.3.1.jar;C:\Users\GMW\.m2\repository\org\webjars\bowergithub\vaadin\vaadin-split-layout\4.1.1\vaadin-split-layout-4.1.1.jar;C:\Users\GMW\.m2\repository\com\vaadin\vaadin-tabs-flow\1.3.0\vaadin-tabs-flow-1.3.0.jar;C:\Users\GMW\.m2\repository\org\webjars\bowergithub\vaadin\vaadin-tabs\2.1.2\vaadin-tabs-2.1.2.jar;C:\Users\GMW\.m2\repository\com\vaadin\vaadin-text-field-flow\1.3.0\vaadin-text-field-flow-1.3.0.jar;C:\Users\GMW\.m2\repository\com\vaadin\vaadin-upload-flow\1.3.0\vaadin-upload-flow-1.3.0.jar;C:\Users\GMW\.m2\repository\org\webjars\bowergithub\vaadin\vaadin-upload\4.2.2\vaadin-upload-4.2.2.jar;C:\Users\GMW\.m2\repository\com\vaadin\vaadin-notification-flow\1.3.0\vaadin-notification-flow-1.3.0.jar;C:\Users\GMW\.m2\repository\org\webjars\bowergithub\vaadin\vaadin-notification\1.2.1\vaadin-notification-1.2.1.jar;C:\Users\GMW\.m2\repository\com\vaadin\vaadin-app-layout-flow\1.1.1\vaadin-app-layout-flow-1.1.1.jar;C:\Users\GMW\.m2\repository\org\webjars\bowergithub\vaadin\vaadin-app-layout\1.0.2\vaadin-app-layout-1.0.2.jar;C:\Users\GMW\.m2\repository\com\vaadin\vaadin-context-menu-flow\2.0.1\vaadin-context-menu-flow-2.0.1.jar;C:\Users\GMW\.m2\repository\org\webjars\bowergithub\vaadin\vaadin-context-menu\4.3.11\vaadin-context-menu-4.3.11.jar;C:\Users\GMW\.m2\repository\org\springframework\boot\spring-boot-starter-test\2.2.0.BUILD-SNAPSHOT\spring-boot-starter-test-2.2.0.BUILD-SNAPSHOT.jar;C:\Users\GMW\.m2\repository\org\springframework\boot\spring-boot-test\2.2.0.BUILD-SNAPSHOT\spring-boot-test-2.2.0.BUILD-SNAPSHOT.jar;C:\Users\GMW\.m2\repository\org\springframework\boot\spring-boot-test-autoconfigure\2.2.0.BUILD-SNAPSHOT\spring-boot-test-autoconfigure-2.2.0.BUILD-SNAPSHOT.jar;C:\Users\GMW\.m2\repository\com\jayway\jsonpath\json-path\2.4.0\json-path-2.4.0.jar;C:\Users\GMW\.m2\repository\net\minidev\json-smart\2.3\json-smart-2.3.jar;C:\Users\GMW\.m2\repository\net\minidev\accessors-smart\1.2\accessors-smart-1.2.jar;C:\Users\GMW\.m2\repository\org\ow2\asm\asm\5.0.4\asm-5.0.4.jar;C:\Users\GMW\.m2\repository\org\junit\jupiter\junit-jupiter\5.5.1\junit-jupiter-5.5.1.jar;C:\Users\GMW\.m2\repository\org\junit\jupiter\junit-jupiter-api\5.5.1\junit-jupiter-api-5.5.1.jar;C:\Users\GMW\.m2\repository\org\apiguardian\apiguardian-api\1.1.0\apiguardian-api-1.1.0.jar;C:\Users\GMW\.m2\repository\org\opentest4j\opentest4j\1.2.0\opentest4j-1.2.0.jar;C:\Users\GMW\.m2\repository\org\junit\platform\junit-platform-commons\1.5.1\junit-platform-commons-1.5.1.jar;C:\Users\GMW\.m2\repository\org\junit\jupiter\junit-jupiter-params\5.5.1\junit-jupiter-params-5.5.1.jar;C:\Users\GMW\.m2\repository\org\junit\jupiter\junit-jupiter-engine\5.5.1\junit-jupiter-engine-5.5.1.jar;C:\Users\GMW\.m2\repository\org\junit\platform\junit-platform-engine\1.5.1\junit-platform-engine-1.5.1.jar;C:\Users\GMW\.m2\repository\org\mockito\mockito-junit-jupiter\2.28.2\mockito-junit-jupiter-2.28.2.jar;C:\Users\GMW\.m2\repository\org\assertj\assertj-core\3.13.2\assertj-core-3.13.2.jar;C:\Users\GMW\.m2\repository\org\hamcrest\hamcrest\2.1\hamcrest-2.1.jar;C:\Users\GMW\.m2\repository\org\mockito\mockito-core\2.28.2\mockito-core-2.28.2.jar;C:\Users\GMW\.m2\repository\net\bytebuddy\byte-buddy\1.10.0\byte-buddy-1.10.0.jar;C:\Users\GMW\.m2\repository\net\bytebuddy\byte-buddy-agent\1.10.0\byte-buddy-agent-1.10.0.jar;C:\Users\GMW\.m2\repository\org\objenesis\objenesis\2.6\objenesis-2.6.jar;C:\Users\GMW\.m2\repository\org\skyscreamer\jsonassert\1.5.0\jsonassert-1.5.0.jar;C:\Users\GMW\.m2\repository\com\vaadin\external\google\android-json\0.0.20131108.vaadin1\android-json-0.0.20131108.vaadin1.jar;C:\Users\GMW\.m2\repository\org\springframework\spring-core\5.2.0.RC1\spring-core-5.2.0.RC1.jar;C:\Users\GMW\.m2\repository\org\springframework\spring-jcl\5.2.0.RC1\spring-jcl-5.2.0.RC1.jar;C:\Users\GMW\.m2\repository\org\springframework\spring-test\5.2.0.RC1\spring-test-5.2.0.RC1.jar;C:\Users\GMW\.m2\repository\org\xmlunit\xmlunit-core\2.6.3\xmlunit-core-2.6.3.jar;C:\Users\GMW\.m2\repository\io\projectreactor\reactor-test\3.3.0.M3\reactor-test-3.3.0.M3.jar;C:\Users\GMW\.m2\repository\io\projectreactor\reactor-core\3.3.0.M3\reactor-core-3.3.0.M3.jar;C:\Users\GMW\.m2\repository\org\reactivestreams\reactive-streams\1.0.2\reactive-streams-1.0.2.jar;"/>
    <property name="java.vm.vendor" value="Oracle Corporation"/>
    <property name="sun.arch.data.model" value="64"/>
    <property name="user.variant" value=""/>
    <property name="java.vendor.url" value="http://java.oracle.com/"/>
    <property name="user.timezone" value="Europe/Paris"/>
    <property name="user.country.format" value="FR"/>
    <property name="java.vm.specification.version" value="1.8"/>
    <property name="os.name" value="Windows 10"/>
    <property name="user.country" value="GB"/>
    <property name="sun.java.launcher" value="SUN_STANDARD"/>
    <property name="sun.boot.library.path" value="C:\Program Files\Java\jdk1.8.0_212\jre\bin"/>
    <property name="sun.java.command" value="C:\Users\GMW\AppData\Local\Temp\surefire8193378658658034717\surefirebooter1694120428774277257.jar C:\Users\GMW\AppData\Local\Temp\surefire8193378658658034717 2019-08-16T12-34-46_566-jvmRun1 surefire726239514587174741tmp surefire_08447410899737624629tmp"/>
    <property name="surefire.test.class.path" value="C:\Users\GMW\eclipse-workspace\spring-boot-example\target\test-classes;C:\Users\GMW\eclipse-workspace\spring-boot-example\target\classes;C:\Users\GMW\.m2\repository\org\springframework\boot\spring-boot-starter-freemarker\2.2.0.BUILD-SNAPSHOT\spring-boot-starter-freemarker-2.2.0.BUILD-SNAPSHOT.jar;C:\Users\GMW\.m2\repository\org\springframework\boot\spring-boot-starter\2.2.0.BUILD-SNAPSHOT\spring-boot-starter-2.2.0.BUILD-SNAPSHOT.jar;C:\Users\GMW\.m2\repository\org\springframework\boot\spring-boot\2.2.0.BUILD-SNAPSHOT\spring-boot-2.2.0.BUILD-SNAPSHOT.jar;C:\Users\GMW\.m2\repository\org\springframework\boot\spring-boot-autoconfigure\2.2.0.BUILD-SNAPSHOT\spring-boot-autoconfigure-2.2.0.BUILD-SNAPSHOT.jar;C:\Users\GMW\.m2\repository\org\springframework\boot\spring-boot-starter-logging\2.2.0.BUILD-SNAPSHOT\spring-boot-starter-logging-2.2.0.BUILD-SNAPSHOT.jar;C:\Users\GMW\.m2\repository\ch\qos\logback\logback-classic\1.2.3\logback-classic-1.2.3.jar;C:\Users\GMW\.m2\repository\ch\qos\logback\logback-core\1.2.3\logback-core-1.2.3.jar;C:\Users\GMW\.m2\repository\org\apache\logging\log4j\log4j-to-slf4j\2.12.0\log4j-to-slf4j-2.12.0.jar;C:\Users\GMW\.m2\repository\org\apache\logging\log4j\log4j-api\2.12.0\log4j-api-2.12.0.jar;C:\Users\GMW\.m2\repository\org\slf4j\jul-to-slf4j\1.7.26\jul-to-slf4j-1.7.26.jar;C:\Users\GMW\.m2\repository\org\yaml\snakeyaml\1.24\snakeyaml-1.24.jar;C:\Users\GMW\.m2\repository\org\freemarker\freemarker\2.3.28\freemarker-2.3.28.jar;C:\Users\GMW\.m2\repository\org\springframework\spring-context-support\5.2.0.RC1\spring-context-support-5.2.0.RC1.jar;C:\Users\GMW\.m2\repository\org\springframework\spring-beans\5.2.0.RC1\spring-beans-5.2.0.RC1.jar;C:\Users\GMW\.m2\repository\org\springframework\spring-context\5.2.0.RC1\spring-context-5.2.0.RC1.jar;C:\Users\GMW\.m2\repository\org\springframework\boot\spring-boot-starter-jersey\2.2.0.BUILD-SNAPSHOT\spring-boot-starter-jersey-2.2.0.BUILD-SNAPSHOT.jar;C:\Users\GMW\.m2\repository\org\springframework\boot\spring-boot-starter-json\2.2.0.BUILD-SNAPSHOT\spring-boot-starter-json-2.2.0.BUILD-SNAPSHOT.jar;C:\Users\GMW\.m2\repository\com\fasterxml\jackson\core\jackson-databind\2.9.9.3\jackson-databind-2.9.9.3.jar;C:\Users\GMW\.m2\repository\com\fasterxml\jackson\core\jackson-core\2.9.9\jackson-core-2.9.9.jar;C:\Users\GMW\.m2\repository\com\fasterxml\jackson\datatype\jackson-datatype-jdk8\2.9.9\jackson-datatype-jdk8-2.9.9.jar;C:\Users\GMW\.m2\repository\com\fasterxml\jackson\datatype\jackson-datatype-jsr310\2.9.9\jackson-datatype-jsr310-2.9.9.jar;C:\Users\GMW\.m2\repository\com\fasterxml\jackson\module\jackson-module-parameter-names\2.9.9\jackson-module-parameter-names-2.9.9.jar;C:\Users\GMW\.m2\repository\org\springframework\boot\spring-boot-starter-tomcat\2.2.0.BUILD-SNAPSHOT\spring-boot-starter-tomcat-2.2.0.BUILD-SNAPSHOT.jar;C:\Users\GMW\.m2\repository\org\apache\tomcat\embed\tomcat-embed-core\9.0.22\tomcat-embed-core-9.0.22.jar;C:\Users\GMW\.m2\repository\org\apache\tomcat\embed\tomcat-embed-el\9.0.22\tomcat-embed-el-9.0.22.jar;C:\Users\GMW\.m2\repository\org\apache\tomcat\embed\tomcat-embed-websocket\9.0.22\tomcat-embed-websocket-9.0.22.jar;C:\Users\GMW\.m2\repository\org\springframework\boot\spring-boot-starter-validation\2.2.0.BUILD-SNAPSHOT\spring-boot-starter-validation-2.2.0.BUILD-SNAPSHOT.jar;C:\Users\GMW\.m2\repository\jakarta\validation\jakarta.validation-api\2.0.1\jakarta.validation-api-2.0.1.jar;C:\Users\GMW\.m2\repository\org\hibernate\validator\hibernate-validator\6.0.17.Final\hibernate-validator-6.0.17.Final.jar;C:\Users\GMW\.m2\repository\org\jboss\logging\jboss-logging\3.4.0.Final\jboss-logging-3.4.0.Final.jar;C:\Users\GMW\.m2\repository\com\fasterxml\classmate\1.5.0\classmate-1.5.0.jar;C:\Users\GMW\.m2\repository\jakarta\annotation\jakarta.annotation-api\1.3.4\jakarta.annotation-api-1.3.4.jar;C:\Users\GMW\.m2\repository\jakarta\ws\rs\jakarta.ws.rs-api\2.1.5\jakarta.ws.rs-api-2.1.5.jar;C:\Users\GMW\.m2\repository\org\springframework\spring-web\5.2.0.RC1\spring-web-5.2.0.RC1.jar;C:\Users\GMW\.m2\repository\org\glassfish\jersey\core\jersey-server\2.29\jersey-server-2.29.jar;C:\Users\GMW\.m2\repository\org\glassfish\jersey\core\jersey-common\2.29\jersey-common-2.29.jar;C:\Users\GMW\.m2\repository\org\glassfish\hk2\osgi-resource-locator\1.0.3\osgi-resource-locator-1.0.3.jar;C:\Users\GMW\.m2\repository\org\glassfish\jersey\core\jersey-client\2.29\jersey-client-2.29.jar;C:\Users\GMW\.m2\repository\org\glassfish\jersey\media\jersey-media-jaxb\2.29\jersey-media-jaxb-2.29.jar;C:\Users\GMW\.m2\repository\org\glassfish\hk2\external\jakarta.inject\2.5.0\jakarta.inject-2.5.0.jar;C:\Users\GMW\.m2\repository\org\glassfish\jersey\containers\jersey-container-servlet-core\2.29\jersey-container-servlet-core-2.29.jar;C:\Users\GMW\.m2\repository\org\glassfish\jersey\containers\jersey-container-servlet\2.29\jersey-container-servlet-2.29.jar;C:\Users\GMW\.m2\repository\org\glassfish\jersey\ext\jersey-bean-validation\2.29\jersey-bean-validation-2.29.jar;C:\Users\GMW\.m2\repository\org\glassfish\jersey\ext\jersey-spring5\2.29\jersey-spring5-2.29.jar;C:\Users\GMW\.m2\repository\org\glassfish\jersey\inject\jersey-hk2\2.29\jersey-hk2-2.29.jar;C:\Users\GMW\.m2\repository\org\glassfish\hk2\hk2-locator\2.5.0\hk2-locator-2.5.0.jar;C:\Users\GMW\.m2\repository\org\glassfish\hk2\external\aopalliance-repackaged\2.5.0\aopalliance-repackaged-2.5.0.jar;C:\Users\GMW\.m2\repository\org\javassist\javassist\3.22.0-CR2\javassist-3.22.0-CR2.jar;C:\Users\GMW\.m2\repository\org\glassfish\hk2\hk2\2.5.0\hk2-2.5.0.jar;C:\Users\GMW\.m2\repository\org\glassfish\hk2\hk2-utils\2.5.0\hk2-utils-2.5.0.jar;C:\Users\GMW\.m2\repository\org\glassfish\hk2\hk2-api\2.5.0\hk2-api-2.5.0.jar;C:\Users\GMW\.m2\repository\org\glassfish\hk2\hk2-core\2.5.0\hk2-core-2.5.0.jar;C:\Users\GMW\.m2\repository\org\glassfish\hk2\hk2-runlevel\2.5.0\hk2-runlevel-2.5.0.jar;C:\Users\GMW\.m2\repository\org\glassfish\hk2\class-model\2.5.0\class-model-2.5.0.jar;C:\Users\GMW\.m2\repository\org\glassfish\hk2\external\asm-repackaged\2.5.0\asm-repackaged-2.5.0.jar;C:\Users\GMW\.m2\repository\org\glassfish\hk2\spring-bridge\2.5.0\spring-bridge-2.5.0.jar;C:\Users\GMW\.m2\repository\org\springframework\spring-aop\5.2.0.RC1\spring-aop-5.2.0.RC1.jar;C:\Users\GMW\.m2\repository\org\glassfish\jersey\media\jersey-media-json-jackson\2.29\jersey-media-json-jackson-2.29.jar;C:\Users\GMW\.m2\repository\org\glassfish\jersey\ext\jersey-entity-filtering\2.29\jersey-entity-filtering-2.29.jar;C:\Users\GMW\.m2\repository\com\fasterxml\jackson\core\jackson-annotations\2.9.0\jackson-annotations-2.9.0.jar;C:\Users\GMW\.m2\repository\com\fasterxml\jackson\module\jackson-module-jaxb-annotations\2.9.9\jackson-module-jaxb-annotations-2.9.9.jar;C:\Users\GMW\.m2\repository\jakarta\xml\bind\jakarta.xml.bind-api\2.3.2\jakarta.xml.bind-api-2.3.2.jar;C:\Users\GMW\.m2\repository\jakarta\activation\jakarta.activation-api\1.2.1\jakarta.activation-api-1.2.1.jar;C:\Users\GMW\.m2\repository\org\springframework\boot\spring-boot-starter-thymeleaf\2.2.0.BUILD-SNAPSHOT\spring-boot-starter-thymeleaf-2.2.0.BUILD-SNAPSHOT.jar;C:\Users\GMW\.m2\repository\org\thymeleaf\thymeleaf-spring5\3.0.11.RELEASE\thymeleaf-spring5-3.0.11.RELEASE.jar;C:\Users\GMW\.m2\repository\org\thymeleaf\thymeleaf\3.0.11.RELEASE\thymeleaf-3.0.11.RELEASE.jar;C:\Users\GMW\.m2\repository\org\attoparser\attoparser\2.0.5.RELEASE\attoparser-2.0.5.RELEASE.jar;C:\Users\GMW\.m2\repository\org\unbescape\unbescape\1.1.6.RELEASE\unbescape-1.1.6.RELEASE.jar;C:\Users\GMW\.m2\repository\org\slf4j\slf4j-api\1.7.26\slf4j-api-1.7.26.jar;C:\Users\GMW\.m2\repository\org\thymeleaf\extras\thymeleaf-extras-java8time\3.0.4.RELEASE\thymeleaf-extras-java8time-3.0.4.RELEASE.jar;C:\Users\GMW\.m2\repository\org\springframework\boot\spring-boot-starter-web\2.2.0.BUILD-SNAPSHOT\spring-boot-starter-web-2.2.0.BUILD-SNAPSHOT.jar;C:\Users\GMW\.m2\repository\org\springframework\spring-webmvc\5.2.0.RC1\spring-webmvc-5.2.0.RC1.jar;C:\Users\GMW\.m2\repository\org\springframework\spring-expression\5.2.0.RC1\spring-expression-5.2.0.RC1.jar;C:\Users\GMW\.m2\repository\org\springframework\boot\spring-boot-starter-web-services\2.2.0.BUILD-SNAPSHOT\spring-boot-starter-web-services-2.2.0.BUILD-SNAPSHOT.jar;C:\Users\GMW\.m2\repository\com\sun\xml\messaging\saaj\saaj-impl\1.5.1\saaj-impl-1.5.1.jar;C:\Users\GMW\.m2\repository\jakarta\xml\soap\jakarta.xml.soap-api\1.4.1\jakarta.xml.soap-api-1.4.1.jar;C:\Users\GMW\.m2\repository\org\jvnet\mimepull\mimepull\1.9.11\mimepull-1.9.11.jar;C:\Users\GMW\.m2\repository\org\jvnet\staxex\stax-ex\1.8.1\stax-ex-1.8.1.jar;C:\Users\GMW\.m2\repository\jakarta\xml\ws\jakarta.xml.ws-api\2.3.2\jakarta.xml.ws-api-2.3.2.jar;C:\Users\GMW\.m2\repository\jakarta\jws\jakarta.jws-api\1.1.1\jakarta.jws-api-1.1.1.jar;C:\Users\GMW\.m2\repository\org\springframework\spring-oxm\5.2.0.RC1\spring-oxm-5.2.0.RC1.jar;C:\Users\GMW\.m2\repository\org\springframework\ws\spring-ws-core\3.0.7.RELEASE\spring-ws-core-3.0.7.RELEASE.jar;C:\Users\GMW\.m2\repository\org\springframework\ws\spring-xml\3.0.7.RELEASE\spring-xml-3.0.7.RELEASE.jar;C:\Users\GMW\.m2\repository\commons-io\commons-io\2.5\commons-io-2.5.jar;C:\Users\GMW\.m2\repository\org\springframework\boot\spring-boot-starter-webflux\2.2.0.BUILD-SNAPSHOT\spring-boot-starter-webflux-2.2.0.BUILD-SNAPSHOT.jar;C:\Users\GMW\.m2\repository\org\springframework\boot\spring-boot-starter-reactor-netty\2.2.0.BUILD-SNAPSHOT\spring-boot-starter-reactor-netty-2.2.0.BUILD-SNAPSHOT.jar;C:\Users\GMW\.m2\repository\io\projectreactor\netty\reactor-netty\0.9.0.M3\reactor-netty-0.9.0.M3.jar;C:\Users\GMW\.m2\repository\io\netty\netty-codec-http\4.1.38.Final\netty-codec-http-4.1.38.Final.jar;C:\Users\GMW\.m2\repository\io\netty\netty-common\4.1.38.Final\netty-common-4.1.38.Final.jar;C:\Users\GMW\.m2\repository\io\netty\netty-buffer\4.1.38.Final\netty-buffer-4.1.38.Final.jar;C:\Users\GMW\.m2\repository\io\netty\netty-transport\4.1.38.Final\netty-transport-4.1.38.Final.jar;C:\Users\GMW\.m2\repository\io\netty\netty-resolver\4.1.38.Final\netty-resolver-4.1.38.Final.jar;C:\Users\GMW\.m2\repository\io\netty\netty-codec\4.1.38.Final\netty-codec-4.1.38.Final.jar;C:\Users\GMW\.m2\repository\io\netty\netty-codec-http2\4.1.38.Final\netty-codec-http2-4.1.38.Final.jar;C:\Users\GMW\.m2\repository\io\netty\netty-handler\4.1.38.Final\netty-handler-4.1.38.Final.jar;C:\Users\GMW\.m2\repository\io\netty\netty-handler-proxy\4.1.38.Final\netty-handler-proxy-4.1.38.Final.jar;C:\Users\GMW\.m2\repository\io\netty\netty-codec-socks\4.1.38.Final\netty-codec-socks-4.1.38.Final.jar;C:\Users\GMW\.m2\repository\io\netty\netty-transport-native-epoll\4.1.38.Final\netty-transport-native-epoll-4.1.38.Final-linux-x86_64.jar;C:\Users\GMW\.m2\repository\io\netty\netty-transport-native-unix-common\4.1.38.Final\netty-transport-native-unix-common-4.1.38.Final.jar;C:\Users\GMW\.m2\repository\io\projectreactor\addons\reactor-pool\0.0.1.M3\reactor-pool-0.0.1.M3.jar;C:\Users\GMW\.m2\repository\org\glassfish\jakarta.el\3.0.2\jakarta.el-3.0.2.jar;C:\Users\GMW\.m2\repository\org\springframework\spring-webflux\5.2.0.RC1\spring-webflux-5.2.0.RC1.jar;C:\Users\GMW\.m2\repository\org\synchronoss\cloud\nio-multipart-parser\1.1.0\nio-multipart-parser-1.1.0.jar;C:\Users\GMW\.m2\repository\org\synchronoss\cloud\nio-stream-storage\1.1.3\nio-stream-storage-1.1.3.jar;C:\Users\GMW\.m2\repository\org\springframework\boot\spring-boot-starter-websocket\2.2.0.BUILD-SNAPSHOT\spring-boot-starter-websocket-2.2.0.BUILD-SNAPSHOT.jar;C:\Users\GMW\.m2\repository\org\springframework\spring-messaging\5.2.0.RC1\spring-messaging-5.2.0.RC1.jar;C:\Users\GMW\.m2\repository\org\springframework\spring-websocket\5.2.0.RC1\spring-websocket-5.2.0.RC1.jar;C:\Users\GMW\.m2\repository\com\vaadin\vaadin-spring-boot-starter\13.0.11\vaadin-spring-boot-starter-13.0.11.jar;C:\Users\GMW\.m2\repository\com\vaadin\vaadin-spring\11.0.0\vaadin-spring-11.0.0.jar;C:\Users\GMW\.m2\repository\com\vaadin\flow-server\1.4.7\flow-server-1.4.7.jar;C:\Users\GMW\.m2\repository\com\vaadin\external\gwt\gwt-elemental\2.8.2.vaadin2\gwt-elemental-2.8.2.vaadin2.jar;C:\Users\GMW\.m2\repository\commons-fileupload\commons-fileupload\1.3.3\commons-fileupload-1.3.3.jar;C:\Users\GMW\.m2\repository\org\jsoup\jsoup\1.11.2\jsoup-1.11.2.jar;C:\Users\GMW\.m2\repository\com\helger\ph-css\6.1.1\ph-css-6.1.1.jar;C:\Users\GMW\.m2\repository\com\helger\ph-commons\9.1.2\ph-commons-9.1.2.jar;C:\Users\GMW\.m2\repository\com\google\code\findbugs\jsr305\3.0.2\jsr305-3.0.2.jar;C:\Users\GMW\.m2\repository\com\vaadin\external\gentyref\1.2.0.vaadin1\gentyref-1.2.0.vaadin1.jar;C:\Users\GMW\.m2\repository\com\vaadin\flow-push\1.4.7\flow-push-1.4.7.jar;C:\Users\GMW\.m2\repository\com\vaadin\external\atmosphere\atmosphere-runtime\2.4.30.vaadin1\atmosphere-runtime-2.4.30.vaadin1.jar;C:\Users\GMW\.m2\repository\com\vaadin\external\slf4j\vaadin-slf4j-jdk14\1.6.1\vaadin-slf4j-jdk14-1.6.1.jar;C:\Users\GMW\.m2\repository\com\vaadin\flow-client\1.4.7\flow-client-1.4.7.jar;C:\Users\GMW\.m2\repository\com\vaadin\vaadin-core\13.0.11\vaadin-core-13.0.11.jar;C:\Users\GMW\.m2\repository\com\vaadin\flow-html-components\1.4.7\flow-html-components-1.4.7.jar;C:\Users\GMW\.m2\repository\com\vaadin\flow-data\1.4.7\flow-data-1.4.7.jar;C:\Users\GMW\.m2\repository\javax\validation\validation-api\2.0.1.Final\validation-api-2.0.1.Final.jar;C:\Users\GMW\.m2\repository\com\vaadin\vaadin-lumo-theme\1.4.7\vaadin-lumo-theme-1.4.7.jar;C:\Users\GMW\.m2\repository\org\webjars\bowergithub\vaadin\vaadin-lumo-styles\1.4.3\vaadin-lumo-styles-1.4.3.jar;C:\Users\GMW\.m2\repository\org\webjars\bowergithub\polymerelements\iron-icon\2.1.0\iron-icon-2.1.0.jar;C:\Users\GMW\.m2\repository\org\webjars\bowergithub\polymerelements\iron-meta\2.1.1\iron-meta-2.1.1.jar;C:\Users\GMW\.m2\repository\org\webjars\bowergithub\polymerelements\iron-iconset-svg\2.2.1\iron-iconset-svg-2.2.1.jar;C:\Users\GMW\.m2\repository\org\webjars\bowergithub\polymerelements\iron-flex-layout\2.0.3\iron-flex-layout-2.0.3.jar;C:\Users\GMW\.m2\repository\org\webjars\bowergithub\polymer\polymer\2.7.0\polymer-2.7.0.jar;C:\Users\GMW\.m2\repository\org\webjars\bowergithub\webcomponents\webcomponentsjs\1.2.6\webcomponentsjs-1.2.6.jar;C:\Users\GMW\.m2\repository\org\webjars\bowergithub\webcomponents\shadycss\1.8.0\shadycss-1.8.0.jar;C:\Users\GMW\.m2\repository\com\vaadin\vaadin-material-theme\1.4.7\vaadin-material-theme-1.4.7.jar;C:\Users\GMW\.m2\repository\org\webjars\bowergithub\vaadin\vaadin-material-styles\1.2.3\vaadin-material-styles-1.2.3.jar;C:\Users\GMW\.m2\repository\com\vaadin\vaadin-accordion-flow\1.0.3\vaadin-accordion-flow-1.0.3.jar;C:\Users\GMW\.m2\repository\org\webjars\bowergithub\vaadin\vaadin-accordion\1.0.1\vaadin-accordion-1.0.1.jar;C:\Users\GMW\.m2\repository\org\webjars\bowergithub\vaadin\vaadin-details\1.0.1\vaadin-details-1.0.1.jar;C:\Users\GMW\.m2\repository\org\webjars\bowergithub\vaadin\vaadin-themable-mixin\1.4.4\vaadin-themable-mixin-1.4.4.jar;C:\Users\GMW\.m2\repository\org\webjars\bowergithub\vaadin\vaadin-element-mixin\2.1.3\vaadin-element-mixin-2.1.3.jar;C:\Users\GMW\.m2\repository\org\webjars\bowergithub\vaadin\vaadin-usage-statistics\2.0.4\vaadin-usage-statistics-2.0.4.jar;C:\Users\GMW\.m2\repository\org\webjars\bowergithub\vaadin\vaadin-development-mode-detector\2.0.4\vaadin-development-mode-detector-2.0.4.jar;C:\Users\GMW\.m2\repository\com\vaadin\vaadin-button-flow\1.3.2\vaadin-button-flow-1.3.2.jar;C:\Users\GMW\.m2\repository\org\webjars\bowergithub\vaadin\vaadin-button\2.1.5\vaadin-button-2.1.5.jar;C:\Users\GMW\.m2\repository\org\webjars\bowergithub\vaadin\vaadin-control-state-mixin\2.1.3\vaadin-control-state-mixin-2.1.3.jar;C:\Users\GMW\.m2\repository\com\vaadin\vaadin-checkbox-flow\1.3.2\vaadin-checkbox-flow-1.3.2.jar;C:\Users\GMW\.m2\repository\org\webjars\bowergithub\vaadin\vaadin-checkbox\2.2.10\vaadin-checkbox-2.2.10.jar;C:\Users\GMW\.m2\repository\com\vaadin\vaadin-combo-box-flow\2.1.3\vaadin-combo-box-flow-2.1.3.jar;C:\Users\GMW\.m2\repository\org\webjars\bowergithub\vaadin\vaadin-combo-box\4.2.9\vaadin-combo-box-4.2.9.jar;C:\Users\GMW\.m2\repository\org\webjars\bowergithub\vaadin\vaadin-text-field\2.3.7\vaadin-text-field-2.3.7.jar;C:\Users\GMW\.m2\repository\org\webjars\bowergithub\polymerelements\iron-resizable-behavior\2.1.1\iron-resizable-behavior-2.1.1.jar;C:\Users\GMW\.m2\repository\org\webjars\bowergithub\polymerelements\iron-a11y-announcer\2.1.0\iron-a11y-announcer-2.1.0.jar;C:\Users\GMW\.m2\repository\org\webjars\bowergithub\polymerelements\iron-list\2.0.19\iron-list-2.0.19.jar;C:\Users\GMW\.m2\repository\org\webjars\bowergithub\polymerelements\iron-scroll-target-behavior\2.1.1\iron-scroll-target-behavior-2.1.1.jar;C:\Users\GMW\.m2\repository\org\webjars\bowergithub\polymerelements\iron-a11y-keys-behavior\2.1.1\iron-a11y-keys-behavior-2.1.1.jar;C:\Users\GMW\.m2\repository\org\webjars\bowergithub\vaadin\vaadin-item\2.1.1\vaadin-item-2.1.1.jar;C:\Users\GMW\.m2\repository\org\webjars\bowergithub\vaadin\vaadin-overlay\3.2.12\vaadin-overlay-3.2.12.jar;C:\Users\GMW\.m2\repository\org\webjars\bowergithub\polymerelements\iron-overlay-behavior\2.3.4\iron-overlay-behavior-2.3.4.jar;C:\Users\GMW\.m2\repository\org\webjars\bowergithub\polymerelements\iron-fit-behavior\2.2.1\iron-fit-behavior-2.2.1.jar;C:\Users\GMW\.m2\repository\com\vaadin\vaadin-custom-field-flow\2.0.2\vaadin-custom-field-flow-2.0.2.jar;C:\Users\GMW\.m2\repository\org\webjars\bowergithub\vaadin\vaadin-custom-field\1.0.6\vaadin-custom-field-1.0.6.jar;C:\Users\GMW\.m2\repository\com\vaadin\vaadin-date-picker-flow\1.3.0\vaadin-date-picker-flow-1.3.0.jar;C:\Users\GMW\.m2\repository\org\webjars\bowergithub\vaadin\vaadin-date-picker\3.3.4\vaadin-date-picker-3.3.4.jar;C:\Users\GMW\.m2\repository\org\webjars\bowergithub\polymerelements\iron-media-query\2.1.0\iron-media-query-2.1.0.jar;C:\Users\GMW\.m2\repository\com\vaadin\vaadin-details-flow\1.0.1\vaadin-details-flow-1.0.1.jar;C:\Users\GMW\.m2\repository\com\vaadin\vaadin-time-picker-flow\1.1.2\vaadin-time-picker-flow-1.1.2.jar;C:\Users\GMW\.m2\repository\org\webjars\bowergithub\vaadin\vaadin-time-picker\1.2.2\vaadin-time-picker-1.2.2.jar;C:\Users\GMW\.m2\repository\com\vaadin\vaadin-select-flow\1.0.0\vaadin-select-flow-1.0.0.jar;C:\Users\GMW\.m2\repository\org\webjars\bowergithub\vaadin\vaadin-select\2.0.5\vaadin-select-2.0.5.jar;C:\Users\GMW\.m2\repository\org\webjars\bowergithub\vaadin\vaadin-list-box\1.1.1\vaadin-list-box-1.1.1.jar;C:\Users\GMW\.m2\repository\org\webjars\bowergithub\vaadin\vaadin-list-mixin\2.1.2\vaadin-list-mixin-2.1.2.jar;C:\Users\GMW\.m2\repository\com\vaadin\vaadin-dialog-flow\1.3.0\vaadin-dialog-flow-1.3.0.jar;C:\Users\GMW\.m2\repository\org\webjars\bowergithub\vaadin\vaadin-dialog\2.2.1\vaadin-dialog-2.2.1.jar;C:\Users\GMW\.m2\repository\com\vaadin\vaadin-form-layout-flow\1.3.1\vaadin-form-layout-flow-1.3.1.jar;C:\Users\GMW\.m2\repository\org\webjars\bowergithub\vaadin\vaadin-form-layout\2.1.4\vaadin-form-layout-2.1.4.jar;C:\Users\GMW\.m2\repository\com\vaadin\vaadin-grid-flow\3.0.4\vaadin-grid-flow-3.0.4.jar;C:\Users\GMW\.m2\repository\org\webjars\bowergithub\vaadin\vaadin-grid\5.3.3\vaadin-grid-5.3.3.jar;C:\Users\GMW\.m2\repository\org\apache\commons\commons-lang3\3.9\commons-lang3-3.9.jar;C:\Users\GMW\.m2\repository\com\vaadin\vaadin-icons-flow\1.3.1\vaadin-icons-flow-1.3.1.jar;C:\Users\GMW\.m2\repository\org\webjars\bowergithub\vaadin\vaadin-icons\4.2.2\vaadin-icons-4.2.2.jar;C:\Users\GMW\.m2\repository\com\vaadin\vaadin-iron-list-flow\1.3.0\vaadin-iron-list-flow-1.3.0.jar;C:\Users\GMW\.m2\repository\com\vaadin\vaadin-list-box-flow\1.3.0\vaadin-list-box-flow-1.3.0.jar;C:\Users\GMW\.m2\repository\com\vaadin\vaadin-login-flow\1.0.0\vaadin-login-flow-1.0.0.jar;C:\Users\GMW\.m2\repository\org\webjars\bowergithub\vaadin\vaadin-login\1.0.1\vaadin-login-1.0.1.jar;C:\Users\GMW\.m2\repository\com\vaadin\vaadin-ordered-layout-flow\1.3.0\vaadin-ordered-layout-flow-1.3.0.jar;C:\Users\GMW\.m2\repository\org\webjars\bowergithub\vaadin\vaadin-ordered-layout\1.1.0\vaadin-ordered-layout-1.1.0.jar;C:\Users\GMW\.m2\repository\com\vaadin\vaadin-progress-bar-flow\1.3.0\vaadin-progress-bar-flow-1.3.0.jar;C:\Users\GMW\.m2\repository\org\webjars\bowergithub\vaadin\vaadin-progress-bar\1.1.2\vaadin-progress-bar-1.1.2.jar;C:\Users\GMW\.m2\repository\com\vaadin\vaadin-radio-button-flow\1.3.1\vaadin-radio-button-flow-1.3.1.jar;C:\Users\GMW\.m2\repository\org\webjars\bowergithub\vaadin\vaadin-radio-button\1.1.5\vaadin-radio-button-1.1.5.jar;C:\Users\GMW\.m2\repository\com\vaadin\vaadin-split-layout-flow\1.3.1\vaadin-split-layout-flow-1.3.1.jar;C:\Users\GMW\.m2\repository\org\webjars\bowergithub\vaadin\vaadin-split-layout\4.1.1\vaadin-split-layout-4.1.1.jar;C:\Users\GMW\.m2\repository\com\vaadin\vaadin-tabs-flow\1.3.0\vaadin-tabs-flow-1.3.0.jar;C:\Users\GMW\.m2\repository\org\webjars\bowergithub\vaadin\vaadin-tabs\2.1.2\vaadin-tabs-2.1.2.jar;C:\Users\GMW\.m2\repository\com\vaadin\vaadin-text-field-flow\1.3.0\vaadin-text-field-flow-1.3.0.jar;C:\Users\GMW\.m2\repository\com\vaadin\vaadin-upload-flow\1.3.0\vaadin-upload-flow-1.3.0.jar;C:\Users\GMW\.m2\repository\org\webjars\bowergithub\vaadin\vaadin-upload\4.2.2\vaadin-upload-4.2.2.jar;C:\Users\GMW\.m2\repository\com\vaadin\vaadin-notification-flow\1.3.0\vaadin-notification-flow-1.3.0.jar;C:\Users\GMW\.m2\repository\org\webjars\bowergithub\vaadin\vaadin-notification\1.2.1\vaadin-notification-1.2.1.jar;C:\Users\GMW\.m2\repository\com\vaadin\vaadin-app-layout-flow\1.1.1\vaadin-app-layout-flow-1.1.1.jar;C:\Users\GMW\.m2\repository\org\webjars\bowergithub\vaadin\vaadin-app-layout\1.0.2\vaadin-app-layout-1.0.2.jar;C:\Users\GMW\.m2\repository\com\vaadin\vaadin-context-menu-flow\2.0.1\vaadin-context-menu-flow-2.0.1.jar;C:\Users\GMW\.m2\repository\org\webjars\bowergithub\vaadin\vaadin-context-menu\4.3.11\vaadin-context-menu-4.3.11.jar;C:\Users\GMW\.m2\repository\org\springframework\boot\spring-boot-starter-test\2.2.0.BUILD-SNAPSHOT\spring-boot-starter-test-2.2.0.BUILD-SNAPSHOT.jar;C:\Users\GMW\.m2\repository\org\springframework\boot\spring-boot-test\2.2.0.BUILD-SNAPSHOT\spring-boot-test-2.2.0.BUILD-SNAPSHOT.jar;C:\Users\GMW\.m2\repository\org\springframework\boot\spring-boot-test-autoconfigure\2.2.0.BUILD-SNAPSHOT\spring-boot-test-autoconfigure-2.2.0.BUILD-SNAPSHOT.jar;C:\Users\GMW\.m2\repository\com\jayway\jsonpath\json-path\2.4.0\json-path-2.4.0.jar;C:\Users\GMW\.m2\repository\net\minidev\json-smart\2.3\json-smart-2.3.jar;C:\Users\GMW\.m2\repository\net\minidev\accessors-smart\1.2\accessors-smart-1.2.jar;C:\Users\GMW\.m2\repository\org\ow2\asm\asm\5.0.4\asm-5.0.4.jar;C:\Users\GMW\.m2\repository\org\junit\jupiter\junit-jupiter\5.5.1\junit-jupiter-5.5.1.jar;C:\Users\GMW\.m2\repository\org\junit\jupiter\junit-jupiter-api\5.5.1\junit-jupiter-api-5.5.1.jar;C:\Users\GMW\.m2\repository\org\apiguardian\apiguardian-api\1.1.0\apiguardian-api-1.1.0.jar;C:\Users\GMW\.m2\repository\org\opentest4j\opentest4j\1.2.0\opentest4j-1.2.0.jar;C:\Users\GMW\.m2\repository\org\junit\platform\junit-platform-commons\1.5.1\junit-platform-commons-1.5.1.jar;C:\Users\GMW\.m2\repository\org\junit\jupiter\junit-jupiter-params\5.5.1\junit-jupiter-params-5.5.1.jar;C:\Users\GMW\.m2\repository\org\junit\jupiter\junit-jupiter-engine\5.5.1\junit-jupiter-engine-5.5.1.jar;C:\Users\GMW\.m2\repository\org\junit\platform\junit-platform-engine\1.5.1\junit-platform-engine-1.5.1.jar;C:\Users\GMW\.m2\repository\org\mockito\mockito-junit-jupiter\2.28.2\mockito-junit-jupiter-2.28.2.jar;C:\Users\GMW\.m2\repository\org\assertj\assertj-core\3.13.2\assertj-core-3.13.2.jar;C:\Users\GMW\.m2\repository\org\hamcrest\hamcrest\2.1\hamcrest-2.1.jar;C:\Users\GMW\.m2\repository\org\mockito\mockito-core\2.28.2\mockito-core-2.28.2.jar;C:\Users\GMW\.m2\repository\net\bytebuddy\byte-buddy\1.10.0\byte-buddy-1.10.0.jar;C:\Users\GMW\.m2\repository\net\bytebuddy\byte-buddy-agent\1.10.0\byte-buddy-agent-1.10.0.jar;C:\Users\GMW\.m2\repository\org\objenesis\objenesis\2.6\objenesis-2.6.jar;C:\Users\GMW\.m2\repository\org\skyscreamer\jsonassert\1.5.0\jsonassert-1.5.0.jar;C:\Users\GMW\.m2\repository\com\vaadin\external\google\android-json\0.0.20131108.vaadin1\android-json-0.0.20131108.vaadin1.jar;C:\Users\GMW\.m2\repository\org\springframework\spring-core\5.2.0.RC1\spring-core-5.2.0.RC1.jar;C:\Users\GMW\.m2\repository\org\springframework\spring-jcl\5.2.0.RC1\spring-jcl-5.2.0.RC1.jar;C:\Users\GMW\.m2\repository\org\springframework\spring-test\5.2.0.RC1\spring-test-5.2.0.RC1.jar;C:\Users\GMW\.m2\repository\org\xmlunit\xmlunit-core\2.6.3\xmlunit-core-2.6.3.jar;C:\Users\GMW\.m2\repository\io\projectreactor\reactor-test\3.3.0.M3\reactor-test-3.3.0.M3.jar;C:\Users\GMW\.m2\repository\io\projectreactor\reactor-core\3.3.0.M3\reactor-core-3.3.0.M3.jar;C:\Users\GMW\.m2\repository\org\reactivestreams\reactive-streams\1.0.2\reactive-streams-1.0.2.jar;"/>
    <property name="sun.cpu.endian" value="little"/>
    <property name="user.home" value="C:\Users\GMW"/>
    <property name="user.language" value="en"/>
    <property name="java.specification.vendor" value="Oracle Corporation"/>
    <property name="java.home" value="C:\Program Files\Java\jdk1.8.0_212\jre"/>
    <property name="basedir" value="C:\Users\GMW\eclipse-workspace\spring-boot-example"/>
    <property name="file.separator" value="\"/>
    <property name="line.separator" value="&#10;"/>
    <property name="java.vm.specification.vendor" value="Oracle Corporation"/>
    <property name="java.specification.name" value="Java Platform API Specification"/>
    <property name="java.awt.graphicsenv" value="sun.awt.Win32GraphicsEnvironment"/>
    <property name="surefire.real.class.path" value="C:\Users\GMW\AppData\Local\Temp\surefire8193378658658034717\surefirebooter1694120428774277257.jar"/>
    <property name="sun.boot.class.path" value="C:\Program Files\Java\jdk1.8.0_212\jre\lib\resources.jar;C:\Program Files\Java\jdk1.8.0_212\jre\lib\rt.jar;C:\Program Files\Java\jdk1.8.0_212\jre\lib\sunrsasign.jar;C:\Program Files\Java\jdk1.8.0_212\jre\lib\jsse.jar;C:\Program Files\Java\jdk1.8.0_212\jre\lib\jce.jar;C:\Program Files\Java\jdk1.8.0_212\jre\lib\charsets.jar;C:\Program Files\Java\jdk1.8.0_212\jre\lib\jfr.jar;C:\Program Files\Java\jdk1.8.0_212\jre\classes"/>
    <property name="user.script" value=""/>
    <property name="sun.management.compiler" value="HotSpot 64-Bit Tiered Compilers"/>
    <property name="java.runtime.version" value="1.8.0_212-b10"/>
    <property name="user.name" value="GMW"/>
    <property name="path.separator" value=";"/>
    <property name="os.version" value="10.0"/>
    <property name="java.endorsed.dirs" value="C:\Program Files\Java\jdk1.8.0_212\jre\lib\endorsed"/>
    <property name="java.runtime.name" value="Java(TM) SE Runtime Environment"/>
    <property name="file.encoding" value="Cp1252"/>
    <property name="java.vm.name" value="Java HotSpot(TM) 64-Bit Server VM"/>
    <property name="localRepository" value="C:\Users\GMW\.m2\repository"/>
    <property name="java.vendor.url.bug" value="http://bugreport.sun.com/bugreport/"/>
    <property name="java.io.tmpdir" value="C:\Users\GMW\AppData\Local\Temp\"/>
    <property name="java.version" value="1.8.0_212"/>
    <property name="user.dir" value="C:\Users\GMW\eclipse-workspace\spring-boot-example"/>
    <property name="os.arch" value="amd64"/>
    <property name="java.vm.specification.name" value="Java Virtual Machine Specification"/>
    <property name="java.awt.printerjob" value="sun.awt.windows.WPrinterJob"/>
    <property name="user.language.format" value="fr"/>
    <property name="sun.os.patch.level" value=""/>
    <property name="java.library.path" value="C:\Program Files\Java\jdk1.8.0_212\jre\bin;C:\WINDOWS\Sun\Java\bin;C:\WINDOWS\system32;C:\WINDOWS;C:/Program Files/Java/jre1.8.0_212/bin/server;C:/Program Files/Java/jre1.8.0_212/bin;C:/Program Files/Java/jre1.8.0_212/lib/amd64;C:\ProgramData\DockerDesktop\version-bin;C:\Program Files\Docker\Docker\Resources\bin;C:\Program Files (x86)\Common Files\Oracle\Java\javapath;C:\Program Files\Python37\Scripts\;C:\Program Files\Python37\;C:\Program Files (x86)\Addinsoft\XLSTAT\;C:\Windows\system32;C:\Windows;C:\Windows\System32\Wbem;C:\Windows\System32\WindowsPowerShell\v1.0\;C:\Program Files (x86)\NVIDIA Corporation\PhysX\Common;C:\Program Files (x86)\Windows Live\Shared;C:\WINDOWS\system32;C:\WINDOWS;C:\WINDOWS\System32\Wbem;C:\WINDOWS\System32\WindowsPowerShell\v1.0\;C:\Program Files (x86)\Microsoft SQL Server\100\Tools\Binn\;C:\Program Files\Microsoft SQL Server\100\Tools\Binn\;C:\Program Files\Microsoft SQL Server\100\DTS\Binn\;C:\Program Files\MATLAB\R2017a\runtime\win64;C:\Program Files\MATLAB\R2017a\bin;C:\WINDOWS\System32\OpenSSH\;C:\Program Files\Git\cmd;C:\Program Files\nodejs\;C:\Program Files\MATLAB\R2016a\runtime\win64;C:\Program Files\MATLAB\R2016a\bin;C:\Program Files\MATLAB\R2016a\polyspace\bin;C:\Program Files\apache-maven-3.6.1-bin\apache-maven-3.6.1\bin;C:\Program Files (x86)\sonar\sonar-runner-2.4-analyse\bin;C:\Program Files\PuTTY\;C:\Users\GMW\AppData\Local\Microsoft\WindowsApps;C:\Users\GMW\AppData\Roaming\npm;C:\Program Files\Docker Toolbox;C:\Users\GMW\Desktop;;."/>
    <property name="java.vm.info" value="mixed mode"/>
    <property name="java.vendor" value="Oracle Corporation"/>
    <property name="java.vm.version" value="25.212-b10"/>
    <property name="java.ext.dirs" value="C:\Program Files\Java\jdk1.8.0_212\jre\lib\ext;C:\WINDOWS\Sun\Java\lib\ext"/>
    <property name="sun.io.unicode.encoding" value="UnicodeLittle"/>
    <property name="java.class.version" value="52.0"/>
  </properties>
  <testcase name="contextLoads" classname="com.example.demo.SpringBootExampleApplicationTests" time="0.406"/>
</testsuite>